  basicExample.cpp
c:\git\github\9801_3_5\c\visavisualstudio\basicexample\basicexample\basicexample.cpp(37): error C3861: 'malloc': identifier not found
c:\git\github\9801_3_5\c\visavisualstudio\basicexample\basicexample\basicexample.cpp(46): error C3861: 'strcpy_s': identifier not found
c:\git\github\9801_3_5\c\visavisualstudio\basicexample\basicexample\basicexample.cpp(49): error C3861: 'printf': identifier not found
c:\git\github\9801_3_5\c\visavisualstudio\basicexample\basicexample\basicexample.cpp(50): error C3861: 'printf': identifier not found
c:\git\github\9801_3_5\c\visavisualstudio\basicexample\basicexample\basicexample.cpp(53): error C3861: 'printf': identifier not found
c:\git\github\9801_3_5\c\visavisualstudio\basicexample\basicexample\basicexample.cpp(54): error C3861: 'printf': identifier not found
c:\git\github\9801_3_5\c\visavisualstudio\basicexample\basicexample\basicexample.cpp(57): error C3861: 'strcpy_s': identifier not found
c:\git\github\9801_3_5\c\visavisualstudio\basicexample\basicexample\basicexample.cpp(60): warning C4018: '<': signed/unsigned mismatch
c:\git\github\9801_3_5\c\visavisualstudio\basicexample\basicexample\basicexample.cpp(61): error C3861: 'printf': identifier not found
c:\git\github\9801_3_5\c\visavisualstudio\basicexample\basicexample\basicexample.cpp(63): error C3861: 'printf': identifier not found
c:\git\github\9801_3_5\c\visavisualstudio\basicexample\basicexample\basicexample.cpp(64): error C3861: 'scanf': identifier not found
c:\git\github\9801_3_5\c\visavisualstudio\basicexample\basicexample\basicexample.cpp(69): error C3861: 'printf': identifier not found
c:\git\github\9801_3_5\c\visavisualstudio\basicexample\basicexample\basicexample.cpp(73): error C3861: 'printf': identifier not found
c:\git\github\9801_3_5\c\visavisualstudio\basicexample\basicexample\basicexample.cpp(79): error C3861: 'printf': identifier not found
c:\git\github\9801_3_5\c\visavisualstudio\basicexample\basicexample\basicexample.cpp(80): error C3861: 'printf': identifier not found
c:\git\github\9801_3_5\c\visavisualstudio\basicexample\basicexample\basicexample.cpp(84): error C3861: 'sprintf': identifier not found
c:\git\github\9801_3_5\c\visavisualstudio\basicexample\basicexample\basicexample.cpp(88): error C3861: 'printf': identifier not found
c:\git\github\9801_3_5\c\visavisualstudio\basicexample\basicexample\basicexample.cpp(91): error C3861: 'printf': identifier not found
c:\git\github\9801_3_5\c\visavisualstudio\basicexample\basicexample\basicexample.cpp(93): error C3861: 'sprintf': identifier not found
c:\git\github\9801_3_5\c\visavisualstudio\basicexample\basicexample\basicexample.cpp(94): error C3861: 'strlen': identifier not found
c:\git\github\9801_3_5\c\visavisualstudio\basicexample\basicexample\basicexample.cpp(97): error C3861: 'printf': identifier not found
c:\git\github\9801_3_5\c\visavisualstudio\basicexample\basicexample\basicexample.cpp(100): error C3861: 'sprintf': identifier not found
c:\git\github\9801_3_5\c\visavisualstudio\basicexample\basicexample\basicexample.cpp(101): error C3861: 'strlen': identifier not found
c:\git\github\9801_3_5\c\visavisualstudio\basicexample\basicexample\basicexample.cpp(104): error C3861: 'printf': identifier not found
c:\git\github\9801_3_5\c\visavisualstudio\basicexample\basicexample\basicexample.cpp(108): error C3861: 'sprintf': identifier not found
c:\git\github\9801_3_5\c\visavisualstudio\basicexample\basicexample\basicexample.cpp(109): error C3861: 'strlen': identifier not found
c:\git\github\9801_3_5\c\visavisualstudio\basicexample\basicexample\basicexample.cpp(112): error C3861: 'printf': identifier not found
c:\git\github\9801_3_5\c\visavisualstudio\basicexample\basicexample\basicexample.cpp(115): error C3861: 'sprintf': identifier not found
c:\git\github\9801_3_5\c\visavisualstudio\basicexample\basicexample\basicexample.cpp(116): error C3861: 'strlen': identifier not found
c:\git\github\9801_3_5\c\visavisualstudio\basicexample\basicexample\basicexample.cpp(119): error C3861: 'printf': identifier not found
c:\git\github\9801_3_5\c\visavisualstudio\basicexample\basicexample\basicexample.cpp(125): error C3861: 'printf': identifier not found
